<pre>-- ERROR NOTICE --
FECHA: 2014-10-28 06:33:22
ARCHIVO: C:\xampp\htdocs\app\Controllers\UsersController.php
LINEA : 25
IP SERVIDOR: ::1
IP USUARIO: ::1
MENSAJE: Undefined variable: var
-- ERROR NOTICE --
</pre>
<pre>-- ERROR NOTICE --
FECHA: 2014-10-28 06:33:38
ARCHIVO: C:\xampp\htdocs\app\Controllers\UsersController.php
LINEA : 25
IP SERVIDOR: ::1
IP USUARIO: ::1
MENSAJE: Undefined variable: var
-- ERROR NOTICE --
</pre>
<pre>-- ERROR NOTICE --
FECHA: 2014-10-28 06:34:03
ARCHIVO: C:\xampp\htdocs\app\Class\Authorization.php
LINEA : 6
IP SERVIDOR: ::1
IP USUARIO: ::1
MENSAJE: Undefined index: logged
-- ERROR NOTICE --
</pre>
<pre>-- ERROR NOTICE --
FECHA: 2014-10-28 16:50:49
ARCHIVO: C:\xampp\htdocs\app\Class\Authorization.php
LINEA : 6
IP SERVIDOR: ::1
IP USUARIO: ::1
MENSAJE: Undefined index: logged
-- ERROR NOTICE --
</pre>
<pre>-- ERROR NOTICE --
FECHA: 2014-10-28 16:50:57
ARCHIVO: C:\xampp\htdocs\app\Class\Authorization.php
LINEA : 6
IP SERVIDOR: ::1
IP USUARIO: ::1
MENSAJE: Undefined index: logged
-- ERROR NOTICE --
</pre>
<pre>-- ERROR NOTICE --
FECHA: 2014-10-28 16:54:23
ARCHIVO: C:\xampp\htdocs\app\Class\Authorization.php
LINEA : 6
IP SERVIDOR: ::1
IP USUARIO: ::1
MENSAJE: Undefined index: logged
-- ERROR NOTICE --
</pre>
<pre>-- ERROR NOTICE --
FECHA: 2014-10-28 16:55:55
ARCHIVO: C:\xampp\htdocs\app\Class\Authorization.php
LINEA : 6
IP SERVIDOR: ::1
IP USUARIO: ::1
MENSAJE: Undefined index: logged
-- ERROR NOTICE --
</pre>
<pre>-- ERROR NOTICE --
FECHA: 2014-10-28 16:56:08
ARCHIVO: C:\xampp\htdocs\app\Class\Authorization.php
LINEA : 6
IP SERVIDOR: ::1
IP USUARIO: ::1
MENSAJE: Undefined index: logged
-- ERROR NOTICE --
</pre>
<pre>-- ERROR NOTICE --
FECHA: 2014-10-28 16:56:22
ARCHIVO: C:\xampp\htdocs\app\Class\Authorization.php
LINEA : 6
IP SERVIDOR: ::1
IP USUARIO: ::1
MENSAJE: Undefined index: logged
-- ERROR NOTICE --
</pre>
<pre>-- ERROR NOTICE --
FECHA: 2014-10-28 16:56:58
ARCHIVO: C:\xampp\htdocs\app\Class\Authorization.php
LINEA : 6
IP SERVIDOR: ::1
IP USUARIO: ::1
MENSAJE: Undefined index: logged
-- ERROR NOTICE --
</pre>
<pre>-- ERROR NOTICE --
FECHA: 2014-11-04 23:04:15
ARCHIVO: C:\xampp\htdocs\app\Class\Authorization.php
LINEA : 18
IP SERVIDOR: ::1
IP USUARIO: ::1
MENSAJE: Undefined index: logged
-- ERROR NOTICE --
</pre>
<pre>-- ERROR NOTICE --
FECHA: 2014-11-04 23:05:47
ARCHIVO: C:\xampp\htdocs\app\Class\Authorization.php
LINEA : 18
IP SERVIDOR: ::1
IP USUARIO: ::1
MENSAJE: Undefined index: logged
-- ERROR NOTICE --
</pre>
<pre>-- ERROR NOTICE --
FECHA: 2014-11-04 23:06:27
ARCHIVO: C:\xampp\htdocs\app\Class\Authorization.php
LINEA : 18
IP SERVIDOR: ::1
IP USUARIO: ::1
MENSAJE: Undefined index: logged
-- ERROR NOTICE --
</pre>
<pre>-- ERROR NOTICE --
FECHA: 2014-11-04 23:09:42
ARCHIVO: C:\xampp\htdocs\app\Class\Authorization.php
LINEA : 18
IP SERVIDOR: ::1
IP USUARIO: ::1
MENSAJE: Undefined index: logged
-- ERROR NOTICE --
</pre>
<pre>-- ERROR WARNING --
FECHA: 2014-11-04 23:10:28
ARCHIVO: C:\xampp\htdocs\app\index.php
LINEA : 8
IP SERVIDOR: ::1
IP USUARIO: ::1
MENSAJE: include_once(class/PHPMailert.php): failed to open stream: No such file or directory
-- ERROR WARNING --
</pre>
<pre>-- ERROR WARNING --
FECHA: 2014-11-04 23:10:28
ARCHIVO: C:\xampp\htdocs\app\index.php
LINEA : 8
IP SERVIDOR: ::1
IP USUARIO: ::1
MENSAJE: include_once(): Failed opening 'class/PHPMailert.php' for inclusion (include_path='.;C:\xampp\php\PEAR')
-- ERROR WARNING --
</pre>
<pre>-- ERROR NOTICE --
FECHA: 2014-11-04 23:11:05
ARCHIVO: C:\xampp\htdocs\app\Class\Authorization.php
LINEA : 18
IP SERVIDOR: ::1
IP USUARIO: ::1
MENSAJE: Undefined index: logged
-- ERROR NOTICE --
</pre>
<pre>-- ERROR WARNING --
FECHA: 2014-11-04 23:11:38
ARCHIVO: C:\xampp\htdocs\app\index.php
LINEA : 8
IP SERVIDOR: ::1
IP USUARIO: ::1
MENSAJE: include_once(class/PHPMailert.php): failed to open stream: No such file or directory
-- ERROR WARNING --
</pre>
<pre>-- ERROR WARNING --
FECHA: 2014-11-04 23:11:38
ARCHIVO: C:\xampp\htdocs\app\index.php
LINEA : 8
IP SERVIDOR: ::1
IP USUARIO: ::1
MENSAJE: include_once(): Failed opening 'class/PHPMailert.php' for inclusion (include_path='.;C:\xampp\php\PEAR')
-- ERROR WARNING --
</pre>
<pre>-- ERROR WARNING --
FECHA: 2014-11-04 23:12:52
ARCHIVO: C:\xampp\htdocs\app\index.php
LINEA : 8
IP SERVIDOR: ::1
IP USUARIO: ::1
MENSAJE: include_once(class/PHPMailer.php): failed to open stream: No such file or directory
-- ERROR WARNING --
</pre>
<pre>-- ERROR WARNING --
FECHA: 2014-11-04 23:12:52
ARCHIVO: C:\xampp\htdocs\app\index.php
LINEA : 8
IP SERVIDOR: ::1
IP USUARIO: ::1
MENSAJE: include_once(): Failed opening 'class/PHPMailer.php' for inclusion (include_path='.;C:\xampp\php\PEAR')
-- ERROR WARNING --
</pre>
<pre>-- ERROR WARNING --
FECHA: 2014-11-04 23:13:42
ARCHIVO: C:\xampp\htdocs\app\index.php
LINEA : 8
IP SERVIDOR: ::1
IP USUARIO: ::1
MENSAJE: include_once(class/PHPMailer.php): failed to open stream: No such file or directory
-- ERROR WARNING --
</pre>
<pre>-- ERROR WARNING --
FECHA: 2014-11-04 23:13:42
ARCHIVO: C:\xampp\htdocs\app\index.php
LINEA : 8
IP SERVIDOR: ::1
IP USUARIO: ::1
MENSAJE: include_once(): Failed opening 'class/PHPMailer.php' for inclusion (include_path='.;C:\xampp\php\PEAR')
-- ERROR WARNING --
</pre>
<pre>-- ERROR WARNING --
FECHA: 2014-11-04 23:13:49
ARCHIVO: C:\xampp\htdocs\app\index.php
LINEA : 8
IP SERVIDOR: ::1
IP USUARIO: ::1
MENSAJE: include_once(class/PHPMailer.php): failed to open stream: No such file or directory
-- ERROR WARNING --
</pre>
<pre>-- ERROR WARNING --
FECHA: 2014-11-04 23:13:49
ARCHIVO: C:\xampp\htdocs\app\index.php
LINEA : 8
IP SERVIDOR: ::1
IP USUARIO: ::1
MENSAJE: include_once(): Failed opening 'class/PHPMailer.php' for inclusion (include_path='.;C:\xampp\php\PEAR')
-- ERROR WARNING --
</pre>
<pre>-- ERROR WARNING --
FECHA: 2014-11-04 23:14:52
ARCHIVO: C:\xampp\htdocs\app\index.php
LINEA : 8
IP SERVIDOR: ::1
IP USUARIO: ::1
MENSAJE: include_once(class/PHPMailer.php): failed to open stream: No such file or directory
-- ERROR WARNING --
</pre>
<pre>-- ERROR WARNING --
FECHA: 2014-11-04 23:14:52
ARCHIVO: C:\xampp\htdocs\app\index.php
LINEA : 8
IP SERVIDOR: ::1
IP USUARIO: ::1
MENSAJE: include_once(): Failed opening 'class/PHPMailer.php' for inclusion (include_path='.;C:\xampp\php\PEAR')
-- ERROR WARNING --
</pre>
<pre>-- ERROR WARNING --
FECHA: 2014-11-04 23:16:20
ARCHIVO: C:\xampp\htdocs\app\index.php
LINEA : 8
IP SERVIDOR: ::1
IP USUARIO: ::1
MENSAJE: include_once(class/PHPMailer.php): failed to open stream: No such file or directory
-- ERROR WARNING --
</pre>
<pre>-- ERROR WARNING --
FECHA: 2014-11-04 23:16:20
ARCHIVO: C:\xampp\htdocs\app\index.php
LINEA : 8
IP SERVIDOR: ::1
IP USUARIO: ::1
MENSAJE: include_once(): Failed opening 'class/PHPMailer.php' for inclusion (include_path='.;C:\xampp\php\PEAR')
-- ERROR WARNING --
</pre>
<pre>-- ERROR WARNING --
FECHA: 2014-11-04 23:17:35
ARCHIVO: C:\xampp\htdocs\app\index.php
LINEA : 8
IP SERVIDOR: ::1
IP USUARIO: ::1
MENSAJE: include_once(class/PHPMailer.php): failed to open stream: No such file or directory
-- ERROR WARNING --
</pre>
<pre>-- ERROR WARNING --
FECHA: 2014-11-04 23:17:35
ARCHIVO: C:\xampp\htdocs\app\index.php
LINEA : 8
IP SERVIDOR: ::1
IP USUARIO: ::1
MENSAJE: include_once(): Failed opening 'class/PHPMailer.php' for inclusion (include_path='.;C:\xampp\php\PEAR')
-- ERROR WARNING --
</pre>
<pre>-- ERROR WARNING --
FECHA: 2014-11-04 23:20:42
ARCHIVO: C:\xampp\htdocs\app\index.php
LINEA : 8
IP SERVIDOR: ::1
IP USUARIO: ::1
MENSAJE: include_once(class/PHPMailer.php): failed to open stream: No such file or directory
-- ERROR WARNING --
</pre>
<pre>-- ERROR WARNING --
FECHA: 2014-11-04 23:20:42
ARCHIVO: C:\xampp\htdocs\app\index.php
LINEA : 8
IP SERVIDOR: ::1
IP USUARIO: ::1
MENSAJE: include_once(): Failed opening 'class/PHPMailer.php' for inclusion (include_path='.;C:\xampp\php\PEAR')
-- ERROR WARNING --
</pre>
<pre>-- ERROR NOTICE --
FECHA: 2014-11-04 23:41:14
ARCHIVO: C:\xampp\htdocs\app\Class\Authorization.php
LINEA : 18
IP SERVIDOR: ::1
IP USUARIO: ::1
MENSAJE: Undefined index: logged
-- ERROR NOTICE --
</pre>
<pre>-- ERROR NOTICE --
FECHA: 2014-11-05 00:08:38
ARCHIVO: C:\xampp\htdocs\app\Class\Authorization.php
LINEA : 18
IP SERVIDOR: ::1
IP USUARIO: ::1
MENSAJE: Undefined index: logged
-- ERROR NOTICE --
</pre>
<pre>-- ERROR NOTICE --
FECHA: 2014-11-06 18:02:26
ARCHIVO: C:\xampp\htdocs\app\Class\Authorization.php
LINEA : 18
IP SERVIDOR: ::1
IP USUARIO: ::1
MENSAJE: Undefined index: logged
-- ERROR NOTICE --
</pre>
<pre>-- ERROR NOTICE --
FECHA: 2014-11-06 18:52:55
ARCHIVO: C:\xampp\htdocs\app1\Class\Authorization.php
LINEA : 18
IP SERVIDOR: ::1
IP USUARIO: ::1
MENSAJE: Undefined index: logged
-- ERROR NOTICE --
</pre>
<pre>-- ERROR NOTICE --
FECHA: 2014-11-06 18:53:09
ARCHIVO: C:\xampp\htdocs\app1\Class\Authorization.php
LINEA : 18
IP SERVIDOR: ::1
IP USUARIO: ::1
MENSAJE: Undefined index: logged
-- ERROR NOTICE --
</pre>
<pre>-- ERROR NOTICE --
FECHA: 2014-11-06 18:53:21
ARCHIVO: C:\xampp\htdocs\app1\Class\Authorization.php
LINEA : 18
IP SERVIDOR: ::1
IP USUARIO: ::1
MENSAJE: Undefined index: logged
-- ERROR NOTICE --
</pre>
<pre>-- ERROR NOTICE --
FECHA: 2014-11-06 18:53:30
ARCHIVO: C:\xampp\htdocs\app1\Class\Authorization.php
LINEA : 18
IP SERVIDOR: ::1
IP USUARIO: ::1
MENSAJE: Undefined index: logged
-- ERROR NOTICE --
</pre>
<pre>-- ERROR NOTICE --
FECHA: 2014-11-06 18:55:57
ARCHIVO: C:\xampp\htdocs\app1\Controllers\usersController.php
LINEA : 32
IP SERVIDOR: ::1
IP USUARIO: ::1
MENSAJE: Undefined index: password
-- ERROR NOTICE --
</pre>
<pre>-- ERROR NOTICE --
FECHA: 2014-11-06 18:58:33
ARCHIVO: C:\xampp\htdocs\app1\Controllers\usersController.php
LINEA : 32
IP SERVIDOR: ::1
IP USUARIO: ::1
MENSAJE: Undefined index: password
-- ERROR NOTICE --
</pre>
<pre>-- ERROR NOTICE --
FECHA: 2014-11-06 18:59:41
ARCHIVO: C:\xampp\htdocs\app1\Controllers\usersController.php
LINEA : 32
IP SERVIDOR: ::1
IP USUARIO: ::1
MENSAJE: Undefined index: password
-- ERROR NOTICE --
</pre>
<pre>-- ERROR NOTICE --
FECHA: 2014-11-06 19:05:05
ARCHIVO: C:\xampp\htdocs\app1\Controllers\usersController.php
LINEA : 32
IP SERVIDOR: ::1
IP USUARIO: ::1
MENSAJE: Undefined index: password
-- ERROR NOTICE --
</pre>
<pre>-- ERROR NOTICE --
FECHA: 2014-11-06 19:05:16
ARCHIVO: C:\xampp\htdocs\app1\Controllers\usersController.php
LINEA : 32
IP SERVIDOR: ::1
IP USUARIO: ::1
MENSAJE: Undefined index: password
-- ERROR NOTICE --
</pre>
<pre>-- ERROR NOTICE --
FECHA: 2014-11-06 19:10:28
ARCHIVO: C:\xampp\htdocs\app1\Controllers\usersController.php
LINEA : 32
IP SERVIDOR: ::1
IP USUARIO: ::1
MENSAJE: Undefined index: password
-- ERROR NOTICE --
</pre>
<pre>-- ERROR NOTICE --
FECHA: 2014-11-06 19:17:01
ARCHIVO: C:\xampp\htdocs\app1\Controllers\usersController.php
LINEA : 32
IP SERVIDOR: ::1
IP USUARIO: ::1
MENSAJE: Undefined index: password
-- ERROR NOTICE --
</pre>
<pre>-- ERROR NOTICE --
FECHA: 2014-11-06 19:25:07
ARCHIVO: C:\xampp\htdocs\app1\Controllers\usersController.php
LINEA : 32
IP SERVIDOR: ::1
IP USUARIO: ::1
MENSAJE: Undefined index: password
-- ERROR NOTICE --
</pre>
<pre>-- ERROR NOTICE --
FECHA: 2014-11-06 19:28:18
ARCHIVO: C:\xampp\htdocs\app1\Controllers\usersController.php
LINEA : 32
IP SERVIDOR: ::1
IP USUARIO: ::1
MENSAJE: Undefined index: password
-- ERROR NOTICE --
</pre>
